<?xml version="1.0" encoding="UTF-8"?>
<testng-results skipped="0" failed="0" total="1" passed="1">
  <reporter-output>
  </reporter-output>
  <suite name="Suite" duration-ms="13248" started-at="2019-10-10T10:20:37Z" finished-at="2019-10-10T10:20:50Z">
    <groups>
    </groups>
    <test name="Test" duration-ms="13248" started-at="2019-10-10T10:20:37Z" finished-at="2019-10-10T10:20:50Z">
      <class name="jenkinsProject.JenkinsTest">
        <test-method status="PASS" signature="startTest()[pri:0, instance:jenkinsProject.JenkinsTest@19dfb72a]" name="startTest" is-config="true" duration-ms="502" started-at="2019-10-10T15:50:37Z" finished-at="2019-10-10T15:50:37Z">
          <reporter-output>
          </reporter-output>
        </test-method> <!-- startTest -->
        <test-method status="PASS" signature="Setup()[pri:0, instance:jenkinsProject.JenkinsTest@19dfb72a]" name="Setup" duration-ms="12305" started-at="2019-10-10T15:50:37Z" finished-at="2019-10-10T15:50:50Z">
          <reporter-output>
          </reporter-output>
        </test-method> <!-- Setup -->
        <test-method status="PASS" signature="endTest()[pri:0, instance:jenkinsProject.JenkinsTest@19dfb72a]" name="endTest" is-config="true" duration-ms="392" started-at="2019-10-10T15:50:50Z" finished-at="2019-10-10T15:50:50Z">
          <reporter-output>
          </reporter-output>
        </test-method> <!-- endTest -->
      </class> <!-- jenkinsProject.JenkinsTest -->
    </test> <!-- Test -->
  </suite> <!-- Suite -->
</testng-results>
