<?xml version="1.0" encoding="UTF-8"?>
<testng-results skipped="0" failed="0" total="2" passed="2">
  <reporter-output>
  </reporter-output>
  <suite name="Suite" duration-ms="7778" started-at="2019-10-10T07:02:33Z" finished-at="2019-10-10T07:02:40Z">
    <groups>
      <group name="Logo">
        <method signature="JenkinsTest.GoogleLogoTest()[pri:2, instance:jenkinsProject.JenkinsTest@49e4cb85]" name="GoogleLogoTest" class="jenkinsProject.JenkinsTest"/>
      </group> <!-- Logo -->
    </groups>
    <test name="Test" duration-ms="7778" started-at="2019-10-10T07:02:33Z" finished-at="2019-10-10T07:02:40Z">
      <class name="jenkinsProject.JenkinsTest">
        <test-method status="PASS" signature="startTest()[pri:0, instance:jenkinsProject.JenkinsTest@49e4cb85]" name="startTest" is-config="true" duration-ms="255" started-at="2019-10-10T12:32:33Z" finished-at="2019-10-10T12:32:33Z">
          <reporter-output>
          </reporter-output>
        </test-method> <!-- startTest -->
        <test-method status="PASS" signature="Setup()[pri:0, instance:jenkinsProject.JenkinsTest@49e4cb85]" name="Setup" duration-ms="7172" started-at="2019-10-10T12:32:33Z" finished-at="2019-10-10T12:32:40Z">
          <reporter-output>
          </reporter-output>
        </test-method> <!-- Setup -->
        <test-method status="PASS" signature="GoogleLogoTest()[pri:2, instance:jenkinsProject.JenkinsTest@49e4cb85]" name="GoogleLogoTest" duration-ms="44" started-at="2019-10-10T12:32:40Z" finished-at="2019-10-10T12:32:40Z">
          <reporter-output>
          </reporter-output>
        </test-method> <!-- GoogleLogoTest -->
        <test-method status="PASS" signature="endTest()[pri:0, instance:jenkinsProject.JenkinsTest@49e4cb85]" name="endTest" is-config="true" duration-ms="296" started-at="2019-10-10T12:32:40Z" finished-at="2019-10-10T12:32:40Z">
          <reporter-output>
          </reporter-output>
        </test-method> <!-- endTest -->
      </class> <!-- jenkinsProject.JenkinsTest -->
    </test> <!-- Test -->
  </suite> <!-- Suite -->
</testng-results>
